  SGCppTemplate.cpp
D:\Gitlab\SenseGloveAPI\Public\Examples\VS 2019\SGCppTemplate\SGCoreCpp\incl\SGDevice.h(29,25): warning C4251: 'SGCore::SGDevice::ipcAddress': class 'std::basic_string<char,std::char_traits<char>,std::allocator<char>>' needs to have dll-interface to be used by clients of class 'SGCore::SGDevice'
C:\Program Files (x86)\Microsoft Visual Studio\2019\Community\VC\Tools\MSVC\14.26.28801\include\xstring(4575): message : see declaration of 'std::basic_string<char,std::char_traits<char>,std::allocator<char>>'
D:\Gitlab\SenseGloveAPI\Public\Examples\VS 2019\SGCppTemplate\SGCoreCpp\incl\SG_GloveInfo.h(36,24): warning C4251: 'SGCore::SG::SG_GloveInfo::deviceID': class 'std::basic_string<char,std::char_traits<char>,std::allocator<char>>' needs to have dll-interface to be used by clients of class 'SGCore::SG::SG_GloveInfo'
C:\Program Files (x86)\Microsoft Visual Studio\2019\Community\VC\Tools\MSVC\14.26.28801\include\xstring(4575): message : see declaration of 'std::basic_string<char,std::char_traits<char>,std::allocator<char>>'
D:\Gitlab\SenseGloveAPI\Public\Examples\VS 2019\SGCppTemplate\SGCoreCpp\incl\SG_GloveInfo.h(39,27): warning C4251: 'SGCore::SG::SG_GloveInfo::hardwareVer': class 'std::basic_string<char,std::char_traits<char>,std::allocator<char>>' needs to have dll-interface to be used by clients of class 'SGCore::SG::SG_GloveInfo'
C:\Program Files (x86)\Microsoft Visual Studio\2019\Community\VC\Tools\MSVC\14.26.28801\include\xstring(4575): message : see declaration of 'std::basic_string<char,std::char_traits<char>,std::allocator<char>>'
D:\Gitlab\SenseGloveAPI\Public\Examples\VS 2019\SGCppTemplate\SGCoreCpp\incl\SG_GloveInfo.h(57,50): warning C4251: 'SGCore::SG::SG_GloveInfo::startPositions': class 'std::vector<SGCore::Kinematics::Vect3D,std::allocator<SGCore::Kinematics::Vect3D>>' needs to have dll-interface to be used by clients of class 'SGCore::SG::SG_GloveInfo'
D:\Gitlab\SenseGloveAPI\Public\Examples\VS 2019\SGCppTemplate\SGCoreCpp\incl\SG_GloveInfo.h(26): message : see declaration of 'std::vector<SGCore::Kinematics::Vect3D,std::allocator<SGCore::Kinematics::Vect3D>>'
D:\Gitlab\SenseGloveAPI\Public\Examples\VS 2019\SGCppTemplate\SGCoreCpp\incl\SG_GloveInfo.h(60,48): warning C4251: 'SGCore::SG::SG_GloveInfo::startRotations': class 'std::vector<SGCore::Kinematics::Quat,std::allocator<SGCore::Kinematics::Quat>>' needs to have dll-interface to be used by clients of class 'SGCore::SG::SG_GloveInfo'
D:\Gitlab\SenseGloveAPI\Public\Examples\VS 2019\SGCppTemplate\SGCoreCpp\incl\SG_GloveInfo.h(30): message : see declaration of 'std::vector<SGCore::Kinematics::Quat,std::allocator<SGCore::Kinematics::Quat>>'
D:\Gitlab\SenseGloveAPI\Public\Examples\VS 2019\SGCppTemplate\SGCoreCpp\incl\SG_GloveInfo.h(63,61): warning C4251: 'SGCore::SG::SG_GloveInfo::gloveLengths': class 'std::vector<std::vector<SGCore::Kinematics::Vect3D,std::allocator<SGCore::Kinematics::Vect3D>>,std::allocator<std::vector<SGCore::Kinematics::Vect3D,std::allocator<SGCore::Kinematics::Vect3D>>>>' needs to have dll-interface to be used by clients of class 'SGCore::SG::SG_GloveInfo'
D:\Gitlab\SenseGloveAPI\Public\Examples\VS 2019\SGCppTemplate\SGCoreCpp\incl\SG_GloveInfo.h(26): message : see declaration of 'std::vector<std::vector<SGCore::Kinematics::Vect3D,std::allocator<SGCore::Kinematics::Vect3D>>,std::allocator<std::vector<SGCore::Kinematics::Vect3D,std::allocator<SGCore::Kinematics::Vect3D>>>>'
D:\Gitlab\SenseGloveAPI\Public\Examples\VS 2019\SGCppTemplate\SGCoreCpp\incl\SG_GloveInfo.h(66,31): warning C4251: 'SGCore::SG::SG_GloveInfo::functions': class 'std::vector<bool,std::allocator<bool>>' needs to have dll-interface to be used by clients of class 'SGCore::SG::SG_GloveInfo'
D:\Gitlab\SenseGloveAPI\Public\Examples\VS 2019\SGCppTemplate\SGCoreCpp\incl\SG_GloveInfo.h(66): message : see declaration of 'std::vector<bool,std::allocator<bool>>'
D:\Gitlab\SenseGloveAPI\Public\Examples\VS 2019\SGCppTemplate\SGCoreCpp\incl\SG_SensorData.h(41,50): warning C4251: 'SGCore::SG::SG_SensorData::sensorAngles': class 'std::vector<std::vector<float,std::allocator<float>>,std::allocator<std::vector<float,std::allocator<float>>>>' needs to have dll-interface to be used by clients of class 'SGCore::SG::SG_SensorData'
D:\Gitlab\SenseGloveAPI\Public\Examples\VS 2019\SGCppTemplate\SGCoreCpp\incl\SG_GloveInfo.h(101): message : see declaration of 'std::vector<std::vector<float,std::allocator<float>>,std::allocator<std::vector<float,std::allocator<float>>>>'
D:\Gitlab\SenseGloveAPI\Public\Examples\VS 2019\SGCppTemplate\SGCoreCpp\incl\BasicHandModel.h(34,44): warning C4251: 'SGCore::Kinematics::BasicHandModel::totalLengths': class 'std::vector<float,std::allocator<float>>' needs to have dll-interface to be used by clients of class 'SGCore::Kinematics::BasicHandModel'
D:\Gitlab\SenseGloveAPI\Public\Examples\VS 2019\SGCppTemplate\SGCoreCpp\incl\SG_GloveInfo.h(101): message : see declaration of 'std::vector<float,std::allocator<float>>'
D:\Gitlab\SenseGloveAPI\Public\Examples\VS 2019\SGCppTemplate\SGCoreCpp\incl\BasicHandModel.h(37,59): warning C4251: 'SGCore::Kinematics::BasicHandModel::fingerRatios': class 'std::vector<std::vector<float,std::allocator<float>>,std::allocator<std::vector<float,std::allocator<float>>>>' needs to have dll-interface to be used by clients of class 'SGCore::Kinematics::BasicHandModel'
D:\Gitlab\SenseGloveAPI\Public\Examples\VS 2019\SGCppTemplate\SGCoreCpp\incl\SG_GloveInfo.h(101): message : see declaration of 'std::vector<std::vector<float,std::allocator<float>>,std::allocator<std::vector<float,std::allocator<float>>>>'
D:\Gitlab\SenseGloveAPI\Public\Examples\VS 2019\SGCppTemplate\SGCoreCpp\incl\BasicHandModel.h(47,51): warning C4251: 'SGCore::Kinematics::BasicHandModel::fingerLengths': class 'std::vector<std::vector<float,std::allocator<float>>,std::allocator<std::vector<float,std::allocator<float>>>>' needs to have dll-interface to be used by clients of class 'SGCore::Kinematics::BasicHandModel'
D:\Gitlab\SenseGloveAPI\Public\Examples\VS 2019\SGCppTemplate\SGCoreCpp\incl\SG_GloveInfo.h(101): message : see declaration of 'std::vector<std::vector<float,std::allocator<float>>,std::allocator<std::vector<float,std::allocator<float>>>>'
D:\Gitlab\SenseGloveAPI\Public\Examples\VS 2019\SGCppTemplate\SGCoreCpp\incl\BasicHandModel.h(50,43): warning C4251: 'SGCore::Kinematics::BasicHandModel::startJointPositions': class 'std::vector<SGCore::Kinematics::Vect3D,std::allocator<SGCore::Kinematics::Vect3D>>' needs to have dll-interface to be used by clients of class 'SGCore::Kinematics::BasicHandModel'
D:\Gitlab\SenseGloveAPI\Public\Examples\VS 2019\SGCppTemplate\SGCoreCpp\incl\SG_GloveInfo.h(26): message : see declaration of 'std::vector<SGCore::Kinematics::Vect3D,std::allocator<SGCore::Kinematics::Vect3D>>'
D:\Gitlab\SenseGloveAPI\Public\Examples\VS 2019\SGCppTemplate\SGCoreCpp\incl\BasicHandModel.h(53,41): warning C4251: 'SGCore::Kinematics::BasicHandModel::startJointRotations': class 'std::vector<SGCore::Kinematics::Quat,std::allocator<SGCore::Kinematics::Quat>>' needs to have dll-interface to be used by clients of class 'SGCore::Kinematics::BasicHandModel'
D:\Gitlab\SenseGloveAPI\Public\Examples\VS 2019\SGCppTemplate\SGCoreCpp\incl\SG_GloveInfo.h(30): message : see declaration of 'std::vector<SGCore::Kinematics::Quat,std::allocator<SGCore::Kinematics::Quat>>'
D:\Gitlab\SenseGloveAPI\Public\Examples\VS 2019\SGCppTemplate\SGCoreCpp\incl\BasicHandModel.h(63,66): warning C4251: 'SGCore::Kinematics::BasicHandModel::baseFingerLengths': class 'std::vector<std::vector<float,std::allocator<float>>,std::allocator<std::vector<float,std::allocator<float>>>>' needs to have dll-interface to be used by clients of class 'SGCore::Kinematics::BasicHandModel'
D:\Gitlab\SenseGloveAPI\Public\Examples\VS 2019\SGCppTemplate\SGCoreCpp\incl\SG_GloveInfo.h(101): message : see declaration of 'std::vector<std::vector<float,std::allocator<float>>,std::allocator<std::vector<float,std::allocator<float>>>>'
D:\Gitlab\SenseGloveAPI\Public\Examples\VS 2019\SGCppTemplate\SGCoreCpp\incl\BasicHandModel.h(67,55): warning C4251: 'SGCore::Kinematics::BasicHandModel::baseJointPositions': class 'std::vector<SGCore::Kinematics::Vect3D,std::allocator<SGCore::Kinematics::Vect3D>>' needs to have dll-interface to be used by clients of class 'SGCore::Kinematics::BasicHandModel'
D:\Gitlab\SenseGloveAPI\Public\Examples\VS 2019\SGCppTemplate\SGCoreCpp\incl\SG_GloveInfo.h(26): message : see declaration of 'std::vector<SGCore::Kinematics::Vect3D,std::allocator<SGCore::Kinematics::Vect3D>>'
D:\Gitlab\SenseGloveAPI\Public\Examples\VS 2019\SGCppTemplate\SGCoreCpp\incl\BasicHandModel.h(71,55): warning C4251: 'SGCore::Kinematics::BasicHandModel::baseJointRotations': class 'std::vector<SGCore::Kinematics::Vect3D,std::allocator<SGCore::Kinematics::Vect3D>>' needs to have dll-interface to be used by clients of class 'SGCore::Kinematics::BasicHandModel'
D:\Gitlab\SenseGloveAPI\Public\Examples\VS 2019\SGCppTemplate\SGCoreCpp\incl\SG_GloveInfo.h(26): message : see declaration of 'std::vector<SGCore::Kinematics::Vect3D,std::allocator<SGCore::Kinematics::Vect3D>>'
D:\Gitlab\SenseGloveAPI\Public\Examples\VS 2019\SGCppTemplate\SGCoreCpp\incl\HandInterpolator.h(35,70): warning C4251: 'SGCore::Kinematics::HandInterpolator::jointInterpolations': class 'std::vector<std::vector<SGCore::Kinematics::InterpolationSet,std::allocator<SGCore::Kinematics::InterpolationSet>>,std::allocator<std::vector<SGCore::Kinematics::InterpolationSet,std::allocator<SGCore::Kinematics::InterpolationSet>>>>' needs to have dll-interface to be used by clients of class 'SGCore::Kinematics::HandInterpolator'
D:\Gitlab\SenseGloveAPI\Public\Examples\VS 2019\SGCppTemplate\SGCoreCpp\incl\HandInterpolator.h(35): message : see declaration of 'std::vector<std::vector<SGCore::Kinematics::InterpolationSet,std::allocator<SGCore::Kinematics::InterpolationSet>>,std::allocator<std::vector<SGCore::Kinematics::InterpolationSet,std::allocator<SGCore::Kinematics::InterpolationSet>>>>'
D:\Gitlab\SenseGloveAPI\Public\Examples\VS 2019\SGCppTemplate\SGCoreCpp\incl\SG_HandProfile.h(50,55): warning C4251: 'SGCore::SG::SG_HandProfile::fingerThimbleOffset': class 'std::vector<SGCore::Kinematics::Vect3D,std::allocator<SGCore::Kinematics::Vect3D>>' needs to have dll-interface to be used by clients of class 'SGCore::SG::SG_HandProfile'
D:\Gitlab\SenseGloveAPI\Public\Examples\VS 2019\SGCppTemplate\SGCoreCpp\incl\SG_GloveInfo.h(26): message : see declaration of 'std::vector<SGCore::Kinematics::Vect3D,std::allocator<SGCore::Kinematics::Vect3D>>'
D:\Gitlab\SenseGloveAPI\Public\Examples\VS 2019\SGCppTemplate\SGCoreCpp\incl\SG_GlovePose.h(33,67): warning C4251: 'SGCore::SG::SG_GlovePose::jointPositions': class 'std::vector<std::vector<SGCore::Kinematics::Vect3D,std::allocator<SGCore::Kinematics::Vect3D>>,std::allocator<std::vector<SGCore::Kinematics::Vect3D,std::allocator<SGCore::Kinematics::Vect3D>>>>' needs to have dll-interface to be used by clients of class 'SGCore::SG::SG_GlovePose'
D:\Gitlab\SenseGloveAPI\Public\Examples\VS 2019\SGCppTemplate\SGCoreCpp\incl\SG_GloveInfo.h(26): message : see declaration of 'std::vector<std::vector<SGCore::Kinematics::Vect3D,std::allocator<SGCore::Kinematics::Vect3D>>,std::allocator<std::vector<SGCore::Kinematics::Vect3D,std::allocator<SGCore::Kinematics::Vect3D>>>>'
D:\Gitlab\SenseGloveAPI\Public\Examples\VS 2019\SGCppTemplate\SGCoreCpp\incl\SG_GlovePose.h(36,65): warning C4251: 'SGCore::SG::SG_GlovePose::jointRotations': class 'std::vector<std::vector<SGCore::Kinematics::Quat,std::allocator<SGCore::Kinematics::Quat>>,std::allocator<std::vector<SGCore::Kinematics::Quat,std::allocator<SGCore::Kinematics::Quat>>>>' needs to have dll-interface to be used by clients of class 'SGCore::SG::SG_GlovePose'
D:\Gitlab\SenseGloveAPI\Public\Examples\VS 2019\SGCppTemplate\SGCoreCpp\incl\Serializer.h(56): message : see declaration of 'std::vector<std::vector<SGCore::Kinematics::Quat,std::allocator<SGCore::Kinematics::Quat>>,std::allocator<std::vector<SGCore::Kinematics::Quat,std::allocator<SGCore::Kinematics::Quat>>>>'
D:\Gitlab\SenseGloveAPI\Public\Examples\VS 2019\SGCppTemplate\SGCoreCpp\incl\SG_GlovePose.h(40,64): warning C4251: 'SGCore::SG::SG_GlovePose::gloveAngles': class 'std::vector<std::vector<SGCore::Kinematics::Vect3D,std::allocator<SGCore::Kinematics::Vect3D>>,std::allocator<std::vector<SGCore::Kinematics::Vect3D,std::allocator<SGCore::Kinematics::Vect3D>>>>' needs to have dll-interface to be used by clients of class 'SGCore::SG::SG_GlovePose'
D:\Gitlab\SenseGloveAPI\Public\Examples\VS 2019\SGCppTemplate\SGCoreCpp\incl\SG_GloveInfo.h(26): message : see declaration of 'std::vector<std::vector<SGCore::Kinematics::Vect3D,std::allocator<SGCore::Kinematics::Vect3D>>,std::allocator<std::vector<SGCore::Kinematics::Vect3D,std::allocator<SGCore::Kinematics::Vect3D>>>>'
D:\Gitlab\SenseGloveAPI\Public\Examples\VS 2019\SGCppTemplate\SGCoreCpp\incl\HandPose.h(37,64): warning C4251: 'SGCore::HandPose::jointPositions': class 'std::vector<std::vector<SGCore::Kinematics::Vect3D,std::allocator<SGCore::Kinematics::Vect3D>>,std::allocator<std::vector<SGCore::Kinematics::Vect3D,std::allocator<SGCore::Kinematics::Vect3D>>>>' needs to have dll-interface to be used by clients of class 'SGCore::HandPose'
D:\Gitlab\SenseGloveAPI\Public\Examples\VS 2019\SGCppTemplate\SGCoreCpp\incl\SG_GloveInfo.h(26): message : see declaration of 'std::vector<std::vector<SGCore::Kinematics::Vect3D,std::allocator<SGCore::Kinematics::Vect3D>>,std::allocator<std::vector<SGCore::Kinematics::Vect3D,std::allocator<SGCore::Kinematics::Vect3D>>>>'
D:\Gitlab\SenseGloveAPI\Public\Examples\VS 2019\SGCppTemplate\SGCoreCpp\incl\HandPose.h(40,62): warning C4251: 'SGCore::HandPose::jointRotations': class 'std::vector<std::vector<SGCore::Kinematics::Quat,std::allocator<SGCore::Kinematics::Quat>>,std::allocator<std::vector<SGCore::Kinematics::Quat,std::allocator<SGCore::Kinematics::Quat>>>>' needs to have dll-interface to be used by clients of class 'SGCore::HandPose'
D:\Gitlab\SenseGloveAPI\Public\Examples\VS 2019\SGCppTemplate\SGCoreCpp\incl\Serializer.h(56): message : see declaration of 'std::vector<std::vector<SGCore::Kinematics::Quat,std::allocator<SGCore::Kinematics::Quat>>,std::allocator<std::vector<SGCore::Kinematics::Quat,std::allocator<SGCore::Kinematics::Quat>>>>'
D:\Gitlab\SenseGloveAPI\Public\Examples\VS 2019\SGCppTemplate\SGCoreCpp\incl\HandPose.h(43,60): warning C4251: 'SGCore::HandPose::handAngles': class 'std::vector<std::vector<SGCore::Kinematics::Vect3D,std::allocator<SGCore::Kinematics::Vect3D>>,std::allocator<std::vector<SGCore::Kinematics::Vect3D,std::allocator<SGCore::Kinematics::Vect3D>>>>' needs to have dll-interface to be used by clients of class 'SGCore::HandPose'
D:\Gitlab\SenseGloveAPI\Public\Examples\VS 2019\SGCppTemplate\SGCoreCpp\incl\SG_GloveInfo.h(26): message : see declaration of 'std::vector<std::vector<SGCore::Kinematics::Vect3D,std::allocator<SGCore::Kinematics::Vect3D>>,std::allocator<std::vector<SGCore::Kinematics::Vect3D,std::allocator<SGCore::Kinematics::Vect3D>>>>'
D:\Gitlab\SenseGloveAPI\Public\Examples\VS 2019\SGCppTemplate\SGCoreCpp\incl\SG_FingerCmd.h(28,27): warning C4251: 'SGCore::Haptics::SG_FingerCmd::levels': class 'std::vector<int,std::allocator<int>>' needs to have dll-interface to be used by clients of class 'SGCore::Haptics::SG_FingerCmd'
D:\Gitlab\SenseGloveAPI\Public\Examples\VS 2019\SGCppTemplate\SGCoreCpp\incl\SG_FingerCmd.h(28): message : see declaration of 'std::vector<int,std::allocator<int>>'
D:\Gitlab\SenseGloveAPI\Public\Examples\VS 2019\SGCppTemplate\SGCoreCpp\incl\HapticGlove.h(43,55): warning C4251: 'SGCore::HapticGlove::minValues': class 'std::vector<SGCore::Kinematics::Vect3D,std::allocator<SGCore::Kinematics::Vect3D>>' needs to have dll-interface to be used by clients of class 'SGCore::HapticGlove'
D:\Gitlab\SenseGloveAPI\Public\Examples\VS 2019\SGCppTemplate\SGCoreCpp\incl\SG_GloveInfo.h(26): message : see declaration of 'std::vector<SGCore::Kinematics::Vect3D,std::allocator<SGCore::Kinematics::Vect3D>>'
D:\Gitlab\SenseGloveAPI\Public\Examples\VS 2019\SGCppTemplate\SGCoreCpp\incl\HapticGlove.h(45,55): warning C4251: 'SGCore::HapticGlove::maxValues': class 'std::vector<SGCore::Kinematics::Vect3D,std::allocator<SGCore::Kinematics::Vect3D>>' needs to have dll-interface to be used by clients of class 'SGCore::HapticGlove'
D:\Gitlab\SenseGloveAPI\Public\Examples\VS 2019\SGCppTemplate\SGCoreCpp\incl\SG_GloveInfo.h(26): message : see declaration of 'std::vector<SGCore::Kinematics::Vect3D,std::allocator<SGCore::Kinematics::Vect3D>>'
  Generating code
  Compiler version has changed, fall back to full compilation.
  All 168 functions were compiled because no usable IPDB/IOBJ from previous compilation was found.
  Finished generating code
  SGCppTemplate.vcxproj -> D:\Gitlab\SenseGloveAPI\Public\Examples\VS 2019\SGCppTemplate\x64\Release\SGCppTemplate.exe
  ..\SGCoreCpp\lib\Win\x64\Release\SGCore.dll
  1 File(s) copied
